2025-09-26 19:48:13,289 INFO o.a.j.u.JMeterUtils: Setting Locale to en_EN
2025-09-26 19:48:13,310 INFO o.a.j.JMeter: Loading user properties from: C:\Users\maryam.aslam\Downloads\apache-jmeter-5.6.3\bin\user.properties
2025-09-26 19:48:13,311 INFO o.a.j.JMeter: Loading system properties from: C:\Users\maryam.aslam\Downloads\apache-jmeter-5.6.3\bin\system.properties
2025-09-26 19:48:13,318 INFO o.a.j.JMeter: Copyright (c) 1998-2024 The Apache Software Foundation
2025-09-26 19:48:13,318 INFO o.a.j.JMeter: Version 5.6.3
2025-09-26 19:48:13,318 INFO o.a.j.JMeter: java.version=21.0.5
2025-09-26 19:48:13,318 INFO o.a.j.JMeter: java.vm.name=Java HotSpot(TM) 64-Bit Server VM
2025-09-26 19:48:13,318 INFO o.a.j.JMeter: os.name=Windows 10
2025-09-26 19:48:13,318 INFO o.a.j.JMeter: os.arch=amd64
2025-09-26 19:48:13,318 INFO o.a.j.JMeter: os.version=10.0
2025-09-26 19:48:13,318 INFO o.a.j.JMeter: file.encoding=UTF-8
2025-09-26 19:48:13,318 INFO o.a.j.JMeter: java.awt.headless=true
2025-09-26 19:48:13,318 INFO o.a.j.JMeter: Max memory     =1073741824
2025-09-26 19:48:13,318 INFO o.a.j.JMeter: Available Processors =8
2025-09-26 19:48:13,330 INFO o.a.j.JMeter: Default Locale=English (EN)
2025-09-26 19:48:13,330 INFO o.a.j.JMeter: JMeter  Locale=English (EN)
2025-09-26 19:48:13,330 INFO o.a.j.JMeter: JMeterHome=C:\Users\maryam.aslam\Downloads\apache-jmeter-5.6.3
2025-09-26 19:48:13,330 INFO o.a.j.JMeter: user.dir  =D:\Jmeter
2025-09-26 19:48:13,331 INFO o.a.j.JMeter: PWD       =D:\Jmeter
2025-09-26 19:48:13,331 INFO o.a.j.JMeter: IP: 192.168.1.107 Name: MARYAM-ASLAM FullName: MARYAM-ASLAM
2025-09-26 19:48:13,345 INFO o.a.j.JMeter: Setting property 'jmeter.reportgenerator.outputdir' to:'D:\Jmeter\results\html-report'
2025-09-26 19:48:13,349 INFO o.a.j.s.FileServer: Default base='D:\Jmeter'
2025-09-26 19:48:13,351 INFO o.a.j.s.FileServer: Set new base='D:\Jmeter\test_plans'
2025-09-26 19:48:13,559 INFO o.a.j.s.SaveService: Testplan (JMX) version: 2.2. Testlog (JTL) version: 2.2
2025-09-26 19:48:13,592 INFO o.a.j.s.SaveService: Using SaveService properties version 5.0
2025-09-26 19:48:13,595 INFO o.a.j.s.SaveService: Using SaveService properties file encoding UTF-8
2025-09-26 19:48:13,598 INFO o.a.j.s.SaveService: Loading file: test_plans\Restful_Testplan.jmx
2025-09-26 19:48:13,641 INFO o.a.j.p.h.c.CookieManager: Settings: Delete null: true Check: true Allow variable: true Save: false Prefix: COOKIE_
2025-09-26 19:48:13,663 INFO o.a.j.p.h.s.HTTPSamplerBase: Parser for text/html is org.apache.jmeter.protocol.http.parser.LagartoBasedHtmlParser
2025-09-26 19:48:13,664 INFO o.a.j.p.h.s.HTTPSamplerBase: Parser for application/xhtml+xml is org.apache.jmeter.protocol.http.parser.LagartoBasedHtmlParser
2025-09-26 19:48:13,664 INFO o.a.j.p.h.s.HTTPSamplerBase: Parser for application/xml is org.apache.jmeter.protocol.http.parser.LagartoBasedHtmlParser
2025-09-26 19:48:13,664 INFO o.a.j.p.h.s.HTTPSamplerBase: Parser for text/xml is org.apache.jmeter.protocol.http.parser.LagartoBasedHtmlParser
2025-09-26 19:48:13,664 INFO o.a.j.p.h.s.HTTPSamplerBase: Parser for text/vnd.wap.wml is org.apache.jmeter.protocol.http.parser.RegexpHTMLParser
2025-09-26 19:48:13,664 INFO o.a.j.p.h.s.HTTPSamplerBase: Parser for text/css is org.apache.jmeter.protocol.http.parser.CssParser
2025-09-26 19:48:13,730 INFO o.a.j.JMeter: Creating summariser <summary>
2025-09-26 19:48:13,734 INFO o.a.j.r.d.ReportGenerator: ReportGenerator will use for Parsing the separator: ','
2025-09-26 19:48:13,734 INFO o.a.j.r.d.ReportGenerator: Will generate report at end of test from  results file: results\test-result2.jtl
2025-09-26 19:48:13,734 INFO o.a.j.r.d.ReportGenerator: Reading report generator properties from: C:\Users\maryam.aslam\Downloads\apache-jmeter-5.6.3\bin\reportgenerator.properties
2025-09-26 19:48:13,748 INFO o.a.j.r.d.ReportGenerator: Merging with JMeter properties
2025-09-26 19:48:13,756 INFO o.a.j.r.c.ReportGeneratorConfiguration: Property 'jmeter.reportgenerator.temp_dir' not found, using default value 'temp' instead.
2025-09-26 19:48:13,764 INFO o.a.j.r.c.ReportGeneratorConfiguration: Property 'jmeter.reportgenerator.apdex_per_transaction' not found, using default value 'null' instead.
2025-09-26 19:48:13,765 INFO o.a.j.r.c.ReportGeneratorConfiguration: apdex_per_transaction is empty, not APDEX per transaction customization
2025-09-26 19:48:13,766 INFO o.a.j.r.c.ReportGeneratorConfiguration: Property 'jmeter.reportgenerator.sample_filter' not found, using default value 'null' instead.
2025-09-26 19:48:13,766 INFO o.a.j.r.c.ReportGeneratorConfiguration: Property 'jmeter.reportgenerator.report_title' not found, using default value 'null' instead.
2025-09-26 19:48:13,767 INFO o.a.j.r.c.ReportGeneratorConfiguration: Property 'jmeter.reportgenerator.start_date' not found, using default value 'null' instead.
2025-09-26 19:48:13,767 INFO o.a.j.r.c.ReportGeneratorConfiguration: Property 'jmeter.reportgenerator.end_date' not found, using default value 'null' instead.
2025-09-26 19:48:13,767 INFO o.a.j.r.c.ReportGeneratorConfiguration: Property 'jmeter.reportgenerator.date_format' not found, using default value 'null' instead.
2025-09-26 19:48:13,769 INFO o.a.j.r.c.ReportGeneratorConfiguration: Will use date range start date: null, end date: null
2025-09-26 19:48:13,782 INFO o.a.j.r.c.ReportGeneratorConfiguration: Property 'jmeter.reportgenerator.graph.totalTPS.exclude_controllers' not found, using default value 'false' instead.
2025-09-26 19:48:13,783 INFO o.a.j.r.c.ReportGeneratorConfiguration: Property 'jmeter.reportgenerator.graph.activeThreadsOverTime.exclude_controllers' not found, using default value 'false' instead.
2025-09-26 19:48:13,784 INFO o.a.j.r.c.ReportGeneratorConfiguration: Property 'jmeter.reportgenerator.graph.timeVsThreads.exclude_controllers' not found, using default value 'false' instead.
2025-09-26 19:48:13,784 INFO o.a.j.r.c.ReportGeneratorConfiguration: Property 'jmeter.reportgenerator.graph.responseTimeDistribution.exclude_controllers' not found, using default value 'false' instead.
2025-09-26 19:48:13,784 INFO o.a.j.r.c.ReportGeneratorConfiguration: Property 'jmeter.reportgenerator.graph.transactionsPerSecond.exclude_controllers' not found, using default value 'false' instead.
2025-09-26 19:48:13,785 INFO o.a.j.r.c.ReportGeneratorConfiguration: Property 'jmeter.reportgenerator.graph.responseTimePercentiles.exclude_controllers' not found, using default value 'false' instead.
2025-09-26 19:48:13,786 INFO o.a.j.r.c.ReportGeneratorConfiguration: Property 'jmeter.reportgenerator.graph.responseTimePercentilesOverTime.exclude_controllers' not found, using default value 'false' instead.
2025-09-26 19:48:13,786 INFO o.a.j.r.c.ReportGeneratorConfiguration: Property 'jmeter.reportgenerator.graph.responseTimesOverTime.exclude_controllers' not found, using default value 'false' instead.
2025-09-26 19:48:13,786 INFO o.a.j.r.c.ReportGeneratorConfiguration: Property 'jmeter.reportgenerator.graph.connectTimeOverTime.exclude_controllers' not found, using default value 'false' instead.
2025-09-26 19:48:13,787 INFO o.a.j.r.c.ReportGeneratorConfiguration: Property 'jmeter.reportgenerator.graph.latenciesOverTime.exclude_controllers' not found, using default value 'false' instead.
2025-09-26 19:48:13,788 INFO o.a.j.r.c.ReportGeneratorConfiguration: Property 'jmeter.reportgenerator.exporter.json.filters_only_sample_series' not found, using default value 'true' instead.
2025-09-26 19:48:13,788 INFO o.a.j.r.c.ReportGeneratorConfiguration: Property 'jmeter.reportgenerator.exporter.json.series_filter' not found, using default value '' instead.
2025-09-26 19:48:13,788 INFO o.a.j.r.c.ReportGeneratorConfiguration: Property 'jmeter.reportgenerator.exporter.json.show_controllers_only' not found, using default value 'false' instead.
2025-09-26 19:48:13,789 INFO o.a.j.r.c.ReportGeneratorConfiguration: Property 'jmeter.reportgenerator.exporter.html.filters_only_sample_series' not found, using default value 'true' instead.
2025-09-26 19:48:13,789 INFO o.a.j.r.c.ReportGeneratorConfiguration: Property 'jmeter.reportgenerator.exporter.html.series_filter' not found, using default value '' instead.
2025-09-26 19:48:13,789 INFO o.a.j.r.c.ReportGeneratorConfiguration: Property 'jmeter.reportgenerator.exporter.html.show_controllers_only' not found, using default value 'false' instead.
2025-09-26 19:48:13,805 INFO o.a.j.e.StandardJMeterEngine: Running the test!
2025-09-26 19:48:13,806 INFO o.a.j.s.SampleEvent: List of sample_variables: []
2025-09-26 19:48:13,806 INFO o.a.j.s.SampleEvent: List of sample_variables: []
2025-09-26 19:48:13,812 INFO o.a.j.e.u.CompoundVariable: Note: Function class names must contain the string: '.functions.'
2025-09-26 19:48:13,812 INFO o.a.j.e.u.CompoundVariable: Note: Function class names must not contain the string: '.gui.'
2025-09-26 19:48:14,185 INFO o.a.j.JMeter: Running test (1758898094185)
2025-09-26 19:48:14,205 INFO o.a.j.e.StandardJMeterEngine: Starting ThreadGroup: 1 : Thread Group
2025-09-26 19:48:14,205 INFO o.a.j.e.StandardJMeterEngine: Starting 10 threads for group Thread Group.
2025-09-26 19:48:14,205 INFO o.a.j.e.StandardJMeterEngine: Thread will continue on error
2025-09-26 19:48:14,205 INFO o.a.j.t.ThreadGroup: Starting thread group... number=1 threads=10 ramp-up=10 delayedStart=false
2025-09-26 19:48:14,223 INFO o.a.j.t.ThreadGroup: Started thread group number 1
2025-09-26 19:48:14,223 INFO o.a.j.e.StandardJMeterEngine: All thread groups have been started
2025-09-26 19:48:14,226 INFO o.a.j.t.JMeterThread: Thread started: Thread Group 1-1
2025-09-26 19:48:14,228 INFO o.a.j.s.FileServer: Stored: D:/Jmeter/csv_data/users123.csv
2025-09-26 19:48:14,254 INFO o.a.j.p.h.s.HTTPHCAbstractImpl: Local host = MARYAM-ASLAM
2025-09-26 19:48:14,259 INFO o.a.j.p.h.s.HTTPHC4Impl: HTTP request retry count = 0
2025-09-26 19:48:14,261 INFO o.a.j.s.SampleResult: Note: Sample TimeStamps are START times
2025-09-26 19:48:14,261 INFO o.a.j.s.SampleResult: sampleresult.default.encoding is set to UTF-8
2025-09-26 19:48:14,261 INFO o.a.j.s.SampleResult: sampleresult.useNanoTime=true
2025-09-26 19:48:14,261 INFO o.a.j.s.SampleResult: sampleresult.nanoThreadSleep=5000
2025-09-26 19:48:14,494 INFO o.a.j.p.h.s.h.LazyLayeredConnectionSocketFactory: Setting up HTTPS TrustAll Socket Factory
2025-09-26 19:48:14,504 INFO o.a.j.u.JsseSSLManager: Using default SSL protocol: TLS
2025-09-26 19:48:14,504 INFO o.a.j.u.JsseSSLManager: SSL session context: per-thread
2025-09-26 19:48:14,841 INFO o.a.j.u.SSLManager: JmeterKeyStore Location:  type JKS
2025-09-26 19:48:14,844 INFO o.a.j.u.SSLManager: KeyStore created OK
2025-09-26 19:48:14,844 WARN o.a.j.u.SSLManager: Keystore file not found, loading empty keystore
2025-09-26 19:48:15,222 INFO o.a.j.t.JMeterThread: Thread started: Thread Group 1-2
2025-09-26 19:48:16,219 INFO o.a.j.t.JMeterThread: Thread started: Thread Group 1-3
2025-09-26 19:48:17,217 INFO o.a.j.t.JMeterThread: Thread started: Thread Group 1-4
2025-09-26 19:48:17,767 INFO o.a.j.a.J.JSR223 Assertion (to validate returned first name equals expected): Assertion passed for booking: firstname=First_83c71e5, code=200
2025-09-26 19:48:17,767 INFO o.a.j.a.J.JSR223 Assertion (to validate returned first name equals expected): Assertion passed for booking: firstname=First_7e3da3a, code=200
2025-09-26 19:48:17,767 INFO o.a.j.a.J.JSR223 Assertion (to validate returned first name equals expected): Assertion passed for booking: firstname=First_fc68bd4, code=200
2025-09-26 19:48:18,012 INFO o.a.j.t.JMeterThread: Thread is done: Thread Group 1-3
2025-09-26 19:48:18,012 INFO o.a.j.t.JMeterThread: Thread is done: Thread Group 1-1
2025-09-26 19:48:18,013 INFO o.a.j.t.JMeterThread: Thread finished: Thread Group 1-1
2025-09-26 19:48:18,012 INFO o.a.j.t.JMeterThread: Thread is done: Thread Group 1-2
2025-09-26 19:48:18,015 INFO o.a.j.t.JMeterThread: Thread finished: Thread Group 1-2
2025-09-26 19:48:18,012 INFO o.a.j.t.JMeterThread: Thread finished: Thread Group 1-3
2025-09-26 19:48:18,216 INFO o.a.j.t.JMeterThread: Thread started: Thread Group 1-5
2025-09-26 19:48:18,540 INFO o.a.j.a.J.JSR223 Assertion (to validate returned first name equals expected): Assertion passed for booking: firstname=First_a506edb, code=200
2025-09-26 19:48:18,771 INFO o.a.j.t.JMeterThread: Thread is done: Thread Group 1-4
2025-09-26 19:48:18,771 INFO o.a.j.t.JMeterThread: Thread finished: Thread Group 1-4
2025-09-26 19:48:19,216 INFO o.a.j.t.JMeterThread: Thread started: Thread Group 1-6
2025-09-26 19:48:19,647 INFO o.a.j.a.J.JSR223 Assertion (to validate returned first name equals expected): Assertion passed for booking: firstname=First_23e80ab, code=200
2025-09-26 19:48:19,859 INFO o.a.j.t.JMeterThread: Thread is done: Thread Group 1-5
2025-09-26 19:48:19,860 INFO o.a.j.t.JMeterThread: Thread finished: Thread Group 1-5
2025-09-26 19:48:20,222 INFO o.a.j.t.JMeterThread: Thread started: Thread Group 1-7
2025-09-26 19:48:21,195 INFO o.a.j.a.J.JSR223 Assertion (to validate returned first name equals expected): Assertion passed for booking: firstname=First_758cf87, code=200
2025-09-26 19:48:21,213 INFO o.a.j.t.JMeterThread: Thread started: Thread Group 1-8
2025-09-26 19:48:21,406 INFO o.a.j.t.JMeterThread: Thread is done: Thread Group 1-6
2025-09-26 19:48:21,407 INFO o.a.j.t.JMeterThread: Thread finished: Thread Group 1-6
2025-09-26 19:48:22,203 INFO o.a.j.a.J.JSR223 Assertion (to validate returned first name equals expected): Assertion passed for booking: firstname=First_13c4d1c, code=200
2025-09-26 19:48:22,211 INFO o.a.j.t.JMeterThread: Thread started: Thread Group 1-9
2025-09-26 19:48:22,430 INFO o.a.j.t.JMeterThread: Thread is done: Thread Group 1-7
2025-09-26 19:48:22,431 INFO o.a.j.t.JMeterThread: Thread finished: Thread Group 1-7
2025-09-26 19:48:22,516 INFO o.a.j.a.J.JSR223 Assertion (to validate returned first name equals expected): Assertion passed for booking: firstname=First_d363e26, code=200
2025-09-26 19:48:22,733 INFO o.a.j.t.JMeterThread: Thread is done: Thread Group 1-8
2025-09-26 19:48:22,734 INFO o.a.j.t.JMeterThread: Thread finished: Thread Group 1-8
2025-09-26 19:48:23,211 INFO o.a.j.t.JMeterThread: Thread started: Thread Group 1-10
2025-09-26 19:48:24,574 INFO o.a.j.a.J.JSR223 Assertion (to validate returned first name equals expected): Assertion passed for booking: firstname=First_d14476d, code=200
2025-09-26 19:48:24,785 INFO o.a.j.t.JMeterThread: Thread is done: Thread Group 1-10
2025-09-26 19:48:24,786 INFO o.a.j.t.JMeterThread: Thread finished: Thread Group 1-10
2025-09-26 19:48:24,953 INFO o.a.j.a.J.JSR223 Assertion (to validate returned first name equals expected): Assertion passed for booking: firstname=First_df2d3ea, code=200
2025-09-26 19:48:25,166 INFO o.a.j.t.JMeterThread: Thread is done: Thread Group 1-9
2025-09-26 19:48:25,166 INFO o.a.j.t.JMeterThread: Thread finished: Thread Group 1-9
2025-09-26 19:48:25,167 INFO o.a.j.e.StandardJMeterEngine: Notifying test listeners of end of test
2025-09-26 19:48:25,168 INFO o.a.j.s.FileServer: Close: D:/Jmeter/csv_data/users123.csv
2025-09-26 19:48:25,178 INFO o.a.j.r.Summariser: summary =     40 in 00:00:11 =    3.6/s Avg:   500 Min:   203 Max:  2291 Err:     0 (0.00%)
2025-09-26 19:48:25,182 INFO o.a.j.JMeter: Generating Dashboard
2025-09-26 19:48:25,183 INFO o.a.j.r.d.ReportGenerator: Flushing result collector before report Generation
2025-09-26 19:48:25,204 INFO o.a.j.r.p.NormalizerSampleConsumer: Using format, 'ms', to parse timeStamp field
2025-09-26 19:48:25,305 INFO o.a.j.r.p.AbstractSampleConsumer: class org.apache.jmeter.report.processor.AggregateConsumer#stopProducing(): beginDate produced 0 samples
2025-09-26 19:48:25,305 INFO o.a.j.r.p.AbstractSampleConsumer: class org.apache.jmeter.report.processor.AggregateConsumer#stopProducing(): endDate produced 0 samples
2025-09-26 19:48:25,308 INFO o.a.j.r.p.AbstractSampleConsumer: class org.apache.jmeter.report.processor.ApdexSummaryConsumer#stopProducing(): apdexSummary produced 0 samples
2025-09-26 19:48:25,308 INFO o.a.j.r.p.AbstractSampleConsumer: class org.apache.jmeter.report.processor.RequestsSummaryConsumer#stopProducing(): requestsSummary produced 0 samples
2025-09-26 19:48:25,315 INFO o.a.j.r.p.AbstractSampleConsumer: class org.apache.jmeter.report.processor.StatisticsSummaryConsumer#stopProducing(): statisticsSummary produced 0 samples
2025-09-26 19:48:25,319 INFO o.a.j.r.p.AbstractSampleConsumer: class org.apache.jmeter.report.processor.Top5ErrorsBySamplerConsumer#stopProducing(): top5ErrorsBySampler produced 0 samples
2025-09-26 19:48:25,319 INFO o.a.j.r.p.AbstractSampleConsumer: class org.apache.jmeter.report.processor.ErrorsSummaryConsumer#stopProducing(): errorsSummary produced 0 samples
2025-09-26 19:48:25,320 INFO o.a.j.r.p.AbstractSampleConsumer: class org.apache.jmeter.report.processor.graph.impl.HitsPerSecondGraphConsumer#stopProducing(): hitsPerSecond produced 0 samples
2025-09-26 19:48:25,339 INFO o.a.j.r.p.AbstractSampleConsumer: class org.apache.jmeter.report.processor.graph.impl.LatencyVSRequestGraphConsumer#stopProducing(): latencyVsRequest produced 0 samples
2025-09-26 19:48:25,339 INFO o.a.j.r.p.AbstractSampleConsumer: class org.apache.jmeter.report.processor.graph.impl.SyntheticResponseTimeDistributionGraphConsumer#stopProducing(): syntheticResponseTimeDistribution produced 0 samples
2025-09-26 19:48:25,341 INFO o.a.j.r.p.AbstractSampleConsumer: class org.apache.jmeter.report.processor.graph.impl.BytesThroughputGraphConsumer#stopProducing(): bytesThroughputOverTime produced 0 samples
2025-09-26 19:48:25,342 INFO o.a.j.r.p.AbstractSampleConsumer: class org.apache.jmeter.report.processor.graph.impl.CodesPerSecondGraphConsumer#stopProducing(): codesPerSecond produced 0 samples
2025-09-26 19:48:25,346 INFO o.a.j.r.p.AbstractSampleConsumer: class org.apache.jmeter.report.processor.graph.impl.ResponseTimeVSRequestGraphConsumer#stopProducing(): responseTimeVsRequest produced 0 samples
2025-09-26 19:48:25,347 INFO o.a.j.r.p.AbstractSampleConsumer: class org.apache.jmeter.report.processor.FilterConsumer#stopProducing(): startIntervalControlerFilter produced 280 samples
2025-09-26 19:48:25,347 INFO o.a.j.r.p.AbstractSampleConsumer: class org.apache.jmeter.report.processor.graph.impl.TotalTPSGraphConsumer#stopProducing(): totalTPS produced 0 samples
2025-09-26 19:48:25,347 INFO o.a.j.r.p.AbstractSampleConsumer: class org.apache.jmeter.report.processor.graph.impl.ActiveThreadsGraphConsumer#stopProducing(): activeThreadsOverTime produced 0 samples
2025-09-26 19:48:25,347 INFO o.a.j.r.p.AbstractSampleConsumer: class org.apache.jmeter.report.processor.graph.impl.TimeVSThreadGraphConsumer#stopProducing(): timeVsThreads produced 0 samples
2025-09-26 19:48:25,347 INFO o.a.j.r.p.AbstractSampleConsumer: class org.apache.jmeter.report.processor.graph.impl.ResponseTimeDistributionGraphConsumer#stopProducing(): responseTimeDistribution produced 0 samples
2025-09-26 19:48:25,347 INFO o.a.j.r.p.AbstractSampleConsumer: class org.apache.jmeter.report.processor.graph.impl.TransactionsPerSecondGraphConsumer#stopProducing(): transactionsPerSecond produced 0 samples
2025-09-26 19:48:25,347 INFO o.a.j.r.p.AbstractSampleConsumer: class org.apache.jmeter.report.processor.graph.impl.ResponseTimePercentilesGraphConsumer#stopProducing(): responseTimePercentiles produced 0 samples
2025-09-26 19:48:25,349 INFO o.a.j.r.p.AbstractSampleConsumer: class org.apache.jmeter.report.processor.graph.impl.ResponseTimePercentilesOverTimeGraphConsumer#stopProducing(): responseTimePercentilesOverTime produced 0 samples
2025-09-26 19:48:25,349 INFO o.a.j.r.p.AbstractSampleConsumer: class org.apache.jmeter.report.processor.graph.impl.ResponseTimeOverTimeGraphConsumer#stopProducing(): responseTimesOverTime produced 0 samples
2025-09-26 19:48:25,349 INFO o.a.j.r.p.AbstractSampleConsumer: class org.apache.jmeter.report.processor.graph.impl.ConnectTimeOverTimeGraphConsumer#stopProducing(): connectTimeOverTime produced 0 samples
2025-09-26 19:48:25,350 INFO o.a.j.r.p.AbstractSampleConsumer: class org.apache.jmeter.report.processor.graph.impl.LatencyOverTimeGraphConsumer#stopProducing(): latenciesOverTime produced 0 samples
2025-09-26 19:48:25,350 INFO o.a.j.r.p.AbstractSampleConsumer: class org.apache.jmeter.report.processor.FilterConsumer#stopProducing(): nameFilter produced 600 samples
2025-09-26 19:48:25,350 INFO o.a.j.r.p.AbstractSampleConsumer: class org.apache.jmeter.report.processor.FilterConsumer#stopProducing(): dateRangeFilter produced 120 samples
2025-09-26 19:48:25,350 INFO o.a.j.r.p.AbstractSampleConsumer: class org.apache.jmeter.report.processor.NormalizerSampleConsumer#stopProducing(): normalizer produced 40 samples
2025-09-26 19:48:25,350 INFO o.a.j.r.p.CsvFileSampleSource: produce(): 40 samples produced in 116ms on channel 0
2025-09-26 19:48:25,351 INFO o.a.j.r.d.ReportGenerator: Exporting data using exporter:'json' of className:'org.apache.jmeter.report.dashboard.JsonExporter'
2025-09-26 19:48:25,439 INFO o.a.j.r.d.JsonExporter: Found data for consumer statisticsSummary in context
2025-09-26 19:48:25,439 INFO o.a.j.r.d.JsonExporter: Creating statistics for overall
2025-09-26 19:48:25,439 INFO o.a.j.r.d.JsonExporter: Creating statistics for other transactions
2025-09-26 19:48:25,440 INFO o.a.j.r.d.JsonExporter: Checking output folder
2025-09-26 19:48:25,440 INFO o.a.j.r.d.JsonExporter: Writing statistics JSON to D:\Jmeter\results\html-report\statistics.json
2025-09-26 19:48:25,504 INFO o.a.j.r.d.ReportGenerator: Exporting data using exporter:'html' of className:'org.apache.jmeter.report.dashboard.HtmlTemplateExporter'
2025-09-26 19:48:25,508 INFO o.a.j.r.d.HtmlTemplateExporter: Will generate dashboard in folder: D:\Jmeter\results\html-report
2025-09-26 19:48:25,680 INFO o.a.j.r.d.HtmlTemplateExporter: Report will be generated in: D:\Jmeter\results\html-report, creating folder structure
2025-09-26 19:48:25,684 INFO o.a.j.r.d.TemplateVisitor: Copying folder from 'C:\Users\maryam.aslam\Downloads\apache-jmeter-5.6.3\bin\report-template' to 'D:\Jmeter\results\html-report', got message: D:\Jmeter\results\html-report, found non empty folder with following content [D:\Jmeter\results\html-report\statistics.json], will be ignored
2025-09-26 19:48:26,412 INFO o.a.j.JMeter: Dashboard generated
